<?xml version="1.0" encoding="UTF-8"?>
<testsuite name="com.actionbarsherlock.internal.ManifestParsingTest" time="0.011" tests="4" errors="0" skipped="0" failures="0">
  <properties>
[...]
</properties>
  <testcase name="testFullyQualifiedClassName" classname="com.actionbarsherlock.internal.ManifestParsingTest" time="0.011"/>
  <testcase name="testFullyQualifiedClassNameSamePackage" classname="com.actionbarsherlock.internal.ManifestParsingTest" time="0"/>
  <testcase name="testUnqualifiedClassName" classname="com.actionbarsherlock.internal.ManifestParsingTest" time="0"/>
  <testcase name="testRelativeClassName" classname="com.actionbarsherlock.internal.ManifestParsingTest" time="0"/>
</testsuite>